189.591000 
15.650000 
253.930000 
216.580000 
325.830000 
24.891000 
19.134000 
101.604000 
17.231000 
214.138000 
299.906000 
120.914000 
289.634000 
110.483000 
277.358000 
1483.721000 
1802.806000 
1810.205000 
2004.029000 
1864.394000 
1892.114000 
1798.710000 
1861.792000 
1868.180000 
1954.174000 
2309.284000 
1677.575000 
1967.870000 
1911.341000 
1979.799000 
899.120000 
905.142000 
928.524000 
976.822000 
945.353000 
881.181000 
921.645000 
937.526000 
1006.267000 
860.538000 
957.726000 
860.202000 
847.432000 
285.927000 
948.698000 
233.945000 
239.911000 
188.590000 
186.393000 
186.745000 
186.348000 
232.073000 
235.025000 
186.180000 
235.144000 
186.858000 
236.831000 
976.900000 
232.042000 
231.966000 
244.420000 
249.179000 
250.518000 
253.717000 
254.316000 
199.446000 
205.790000 
8416.671000 
214.417000 
186.093000 
185.844000 
187.933000 
186.380000 
244.448000 
184.598000 
246.244000 
36.772000 
8626.437000 
24.278000 
27.363000 
36.237000 
42.497000 
31.782000 
32.531000 
32.311000 
35.477000 
32.084000 
28.904000 
8674.607000 
27.491000 
32.956000 
24.491000 
35.786000 
29.273000 
32.464000 
24.696000 
30.838000 
31.756000 
8424.986000 
24.131000 
27.729000 
28.538000 
36.892000 
34.827000 
28.201000 
25.100000 
44.305000 
32.676000 
8397.458000 
38.287000 
8811.258000 
8496.258000 
3886.937000 
8776.626000 
4396.222000 
36961.429000 
4142.917000 
4415.262000 
4422.357000 
11823.129000 
4414.698000 
4377.858000 
11690.392000 
4129.425000 
4390.747000 
8565.622000 
15819.856000 
4121.587000 
8124.809000 
9176.683000 
485.507000 
13084.538000 
7928.604000 
8856.325000 
435.465000 
464.518000 
7880.788000 
8652.363000 
12614.955000 
8250.101000 
5644.253000 
436.667000 
3641.819000 
8404.164000 
416.335000 
471.465000 
8752.369000 
896.955000 
8426.829000 
907.171000 
8501.967000 
947.473000 
8567.458000 
934.107000 
1004.219000 
889.691000 
926.277000 
919.498000 
821.901000 
1123.205000 
872.897000 
898.203000 
861.184000 
1007.350000 
952.456000 
189.173000 
332.150000 
219.251000 
194.057000 
346.100000 
281.159000 
1923.122000 
1252.915000 
1059.360000 
204.201000 
1399.967000 
1216.409000 
1275.090000 
992.429000 
1162.712000 
324.651000 
1061.024000 
223.785000 
995.236000 
1091.272000 
222.678000 
991.762000 
1039.536000 
1423.664000 
1713.503000 
294.477000 
141.060000 
167.394000 
125.459000 
194.467000 
128.210000 
154.505000 
122.123000 
131.877000 
100.748000 
401.702000 
123.607000 
205.463000 
169.125000 
128.520000 
195.714000 
161.030000 
350.115000 
140.566000 
216.006000 
1958.441000 
1531.400000 
1865.279000 
1767.582000 
2337.135000 
1550.555000 
286.228000 
1679.246000 
1705.270000 
1692.158000 
1855.158000 
1522.028000 
1693.103000 
1892.898000 
292.452000 
1718.341000 
1604.078000 
435.262000 
442.091000 
513.809000 
416.622000 
673.036000 
553.895000 
529.983000 
522.304000 
488.929000 
574.846000 
536.630000 
526.294000 
417.597000 
481.691000 
492.496000 
202.611000 
286.226000 
382.610000 
40.737000 
40.432000 
49.851000 
41.027000 
42.682000 
32.661000 
23.077000 
35.710000 
25.023000 
24.657000 
26.947000 
23.205000 
50.101000 
26.811000 
26.843000 
25.017000 
38.476000 
41.631000 
25.108000 
26.964000 
38.731000 
28.569000 
46.703000 
27.624000 
23.504000 
42.191000 
26.172000 
24.218000 
29093.507000 
3798.622000 
1843.865000 
1211.407000 
1039.692000 
905.102000 
1306.009000 
929.467000 
1108.872000 
980.402000 
865.853000 
1049.843000 
1025.468000 
1021.362000 
1231.307000 
1220.711000 
1153.491000 
340.974000 
134.521000 
129.552000 
101.675000 
213.671000 
169.146000 
157.001000 
128.088000 
123.915000 
166.610000 
98.267000 
149.591000 
157.580000 
163.023000 
166.259000 
25.546000 
24.036000 
33.288000 
24.391000 
25.662000 
25.108000 
23.975000 
36.459000 
37.378000 
53.664000 
43.387000 
22.089000 
24.735000 
23.606000 
22.756000 
33.322000 
41.722000 
35.771000 
32.020000 
31.621000 
33.414000 
24.430000 
29.153000 
47.289000 
31.549000 
44.048000 
31.815000 
328.782000 
250.694000 
367.722000 
241.857000 
309.061000 
313.091000 
307.572000 
277.527000 
373.907000 
275.406000 
313.151000 
387.022000 
1009.727000 
660.582000 
1614.563000 
1650.263000 
1756.222000 
1698.564000 
1659.860000 
1830.384000 
1693.064000 
1591.413000 
1695.887000 
1893.052000 
1732.699000 
1893.765000 
1806.544000 
1777.695000 
1845.368000 
434.687000 
438.751000 
478.476000 
533.760000 
511.304000 
457.278000 
562.388000 
562.770000 
396.948000 
493.327000 
523.325000 
498.824000 
515.928000 
463.960000 
565.159000 
5228.308000 
22.860000 
19.819000 
45.805000 
338.825000 
27.274000 
39.141000 
30.255000 
19.243000 
35.480000 
20.818000 
317.192000 
392.087000 
20.816000 
38.461000 
45.095000 
26.140000 
26.869000 
19.080000 
23.769000 
44.467000 
37.656000 
21.235000 
40.064000 
37.353000 
38.843000 
44.581000 
19.610000 
35.610000 
34.946000 
39.834000 
44.904000 
36.972000 
38.224000 
36.783000 
21.316000 
38.682000 
43.636000 
34.510000 
54.695000 
19.161000 
47.922000 
29.607000 
43.940000 
18.906000 
59.347000 
33.263000 
231.549000 
21.707000 
330.950000 
21.689000 
33.492000 
27.378000 
18.772000 
34.627000 
890.128000 
865.480000 
379.426000 
341.687000 
338.303000 
20.010000 
26.320000 
25.149000 
25.378000 
25.902000 
22.590000 
25.939000 
18.038000 
1262.318000 
929.410000 
985.728000 
25.276000 
20.567000 
22.424000 
22.223000 
26.502000 
38.668000 
50.370000 
22.631000 
19.695000 
19.011000 
916.294000 
924.204000 
836.424000 
24.956000 
3295.287000 
2863.604000 
3049.906000 
2862.857000 
2749.917000 
2902.473000 
697.298000 
1172.800000 
22.737000 
19.507000 
856.925000 
24.081000 
20.716000 
23.340000 
23.795000 
24.993000 
773.226999 
788.874000 
1075.144000 
781.442000 
843.482000 
818.257000 
726.044000 
895.573000 
821.558000 
927.961000 
766.209000 
829.790000 
746.894000 
792.622000 
789.053000 
774.417000 
830.108000 
826.799000 
792.117000 
777.251000 
1354.293000 
2050.849000 
2139.291000 
2178.032000 
42.311000 
261.415000 
222.458000 
345.029000 
28.242000 
37.667000 
42.371000 
302.529000 
262.940000 
1687.719000 
15.731000 
12.662000 
21.847000 
22.489000 
13.386000 
15.536000 
12.812000 
16.372000 
18.674000 
13.162000 
14.226000 
12.573000 
20.148000 
12.153000 
13.022000 
12.289000 
14.746000 
17.457000 
14.166000 
18.985000 
12.045000 
16.482000 
16.389000 
11.107000 
14.035000 
15.417000 
13.069000 
15.970000 
16.514000 
11.127000 
13.985000 
17.718000 
12.471000 
426.256000 
14.149000 
13.678000 
15.852000 
13.337000 
13.126000 
14.705000 
13.985000 
14.059000 
13.817000 
17.741000 
14.714000 
20.571000 
32.279000 
16.800000 
27.169000 
20.765000 
33.548000 
17.906000 
21.975000 
17.634000 
19.410000 
20.230000 
22.879000 
18.244000 
16.997000 
17.546000 
24.105000 
16.469000 
16.775000 
26.911000 
17.360000 
21.850000 
20.583000 
17.725000 
21.815000 
22.332000 
10.793000 
10.994000 
11.291000 
9.877000 
13.405000 
689.661000 
28.534000 
22.667000 
21.086000 
21.419000 
18.265000 
18.605000 
307.824000 
296.544000 
18.854000 
19.321000 
26.383000 
18.481000 
25.463000 
25.001000 
24.833000 
21.085000 
107.660000 
147.708000 
115.460000 
139.164000 
107.994000 
94.084000 
18.503000 
18.032000 
25.653000 
20.934000 
20.958000 
24.080000 
51.386000 
19.881000 
36.747000 
22.815000 
21.884000 
20.020000 
44.885000 
23.120000 
54.038000 
55.760000 
56.894000 
16.379000 
20.292000 
28.705000 
27.225000 
17.810000 
20.974000 
25.941000 
44.983000 
21.795000 
42.371000 
51.158000 
57.243000 
17.372000 
25.582000 
21.807000 
20.751000 
21.411000 
18.636000 
20.205000 
27.114000 
18.645000 
20.550000 
19.684000 
19.351000 
19.673000 
36.747000 
34.926000 
37.303000 
27.084000 
18.591000 
18.709000 
25.562000 
23.898000 
28.022000 
20.088000 
37.709000 
22.489000 
17.664000 
17.445000 
32.081000 
24.983000 
25.161000 
30.254000 
25.173000 
25.003000 
25.454000 
24.579000 
18.836000 
18.638000 
19.542000 
24.713000 
25.108000 
25.865000 
20.148000 
18.384000 
21.352000 
20.818000 
20.172000 
26.938000 
29.036000 
19.731000 
19.050000 
20.138000 
17.512000 
31.527000 
50.667000 
19.116000 
25.850000 
36.836000 
20.841000 
21.503000 
18.667000 
66098.373995 
64101.112989 
111901.862999 
53582.337000 
537.684000 
565.968000 
560.346000 
530.432000 
543.755000 
523.567000 
541.680000 
551.062000 
538.394000 
415.655000 
1068.140000 
806.189000 
843.274000 
930.907000 
753.513000 
517.594000 
461.904000 
519.318000 
537.232000 
582.250000 
5356.590000 
5166.492000 
5165.831000 
5113.852000 
5148.462000 
504.902000 
561.533000 
466.299000 
572.820000 
501.374000 
524.246000 
505.409000 
483.186000 
485.325000 
510.370000 
4.577000 
16.836000 
4.933000 
4.984000 
11.998000 
5.065000 
5.075000 
10.411000 
13.291000 
4.695000 
142.510000 
139.264000 
153.791000 
143.545000 
155.459000 
3427.066000 
922.879000 
1001.509000 
917.664000 
2544.177000 
557.104000 
527.425000 
565.874000 
523.686000 
552.459000 
5227.146000 
5466.822000 
5448.993000 
5511.956000 
5057.506000 
5606.215000 
5540.172000 
249583.681999 
15914.761000 
69200.660998 
11245.365996 
22283.633004 
765649.790001 
5107.594000 
4815.030000 
66056.606996 
40422.483999 
20791.589002 
30494.536993 
7290.666999 
5468.879000 
5417.281000 
5077.411000 
48223.912000 
26392.836001 
35993.270999 
32487.956001 
39317.114000 
50472.069999 
21674.450002 
21452.370996 
31058.958004 
43407.483998 
42910.134003 
15167.437999 
86569.250996 
51710.679001 
21965.625998 
28396.029998 
43081.462001 
18303.818000 
16396.416000 
808.526000 
3561.854000 
521.142000 
11021.217000 
4261.782000 
608.226000 
24106.698000 
1206.654000 
1186.034000 
17696.779000 
14073.515000 
1458.176000 
12557.022000 
11.516000 
12173.264000 
1283.950000 
542.962000 
13072.338000 
9.696000 
13745.033000 
2102812.160000 
1250267.727996 
7275.355010 
10003.773996 
3858.368000 
3936.282000 
16210.510000 
148.877000 
22600.958000 
15813.893000 
3754.436000 
8737.387000 
5813.146000 
10173.643000 
3559.798000 
12501.668992 
816.195000 
10172.804000 
2808.725000 
35505.575000 
854.048000 
7635.528000 
817.512000 
285.495000 
8100.345000 
33.104000 
2524.063000 
95.008000 
15316.569000 
99.220000 
10544.171000 
7385.308000 
7376.925000 
790.292000 
7355.068993 
760.209000 
804.811000 
3187.961000 
765.312000 
783.107000 
7214.163000 
2759.168000 
7552.156000 
7374.170000 
5389.762000 
7295.623000 
7189.909000 
9916.515008 
5707.703000 
7249.951000 
6776.145000 
282.839000 
9748.834997 
193.328000 
10444.910000 
853.079000 
274.024000 
2366.779000 
7183.928996 
10602.981000 
8077.540000 
2560.558000 
136.127000 
6339.899000 
6318.293000 
9408.703996 
2770.662000 
17843.439000 
3404.564000 
821.223000 
4594.677002 
14055.103000 
238.852000 
1021.475000 
12560.030000 
284.086000 
7125.682002 
187.528000 
7257.749000 
6073.760000 
3467.639000 
7253.604010 
3032.410000 
1045.512000 
532.782000 
6836.637003 
9890.142000 
7259.748000 
5975.151002 
6731.751999 
6882.289996 
7475.733998 
4200.566004 
7965.788998 
4953.648002 
2857.559000 
2817.691001 
11605.876998 
10940.153003 
3751.287998 
5805.613999 
9087.785004 
982.070000 
759.617000 
775.000001 
745.529999 
779.715002 
5423.629000 
7050.608000 
5763.756000 
14756.187000 
5342.858000 
26906.555000 
32255.585000 
26303.100000 
26769.124000 
18628.976000 
26456.968001 
14780339.271000 
6969013.928000 
10269834.599000 
6445055.549000 
412509.639000 
2136435.139000 
7393.169000 
473075.802000 
21969454.194000 
17741732.445000 
10908969.596000 
5232502.958000 
4961716.310999 
3892392.976000 
1923899.435000 
2335511.765000 
1305265.114000 
1513732.904000 
1133072.331000 
1318317.926000 
1106132.826000 
1388698.283000 
1619574.545000 
1218488.315000 
1505399.580000 
1363466.212000 
1902785.767000 
1895054.160000 
1182195.377000 
1675007.092000 
2119336.538000 
1837215.724000 
9253.006000 
9849.125000 
8018.823000 
8224.826000 
9148.396000 
9033.595000 
8130.029000 
9206.052000 
9338.590000 
7954.983000 
8291.819000 
8146.276000 
8639.700000 
8244.151000 
8295.875000 
11168.488000 
305099.531000 
37722.630000 
27191.547000 
30044.810000 
26209.056000 
14758.325000 
24828.309000 
5915.161000 
4765.745000 
30985.390000 
329719.583000 
55767.610000 
52598.608000 
12055.237000 
8589.494000 
38334.460000 
29808.634000 
989054.676000 
696953.232000 
0.000000 
771149.431000 
268.570000 
668082.151000 
417006.304000 
272.355000 
0.000000 
0.000000 
273.624000 
279.130000 
257849.137000 
5398.807000 
4273.999000 
319.209000 
303.003000 
458.653000 
314.433000 
317.341000 
324.591000 
293.162000 
330.150000 
291.957000 
329.456000 
293.251000 
313.245000 
323.486000 
305.115000 
291.696000 
321.554000 
304.508000 
417.433000 
640.278000 
643.147000 
293.182000 
622.648000 
717.124000 
299.377000 
626.301000 
321.935000 
256.499000 
257.007000 
252.877000 
270.683000 
353.446000 
291.137000 
167167.397000 
279.727000 
690507.166000 
280.038000 
153197.458000 
264.864000 
268.318000 
177213.090000 
1692.228000 
